<?xml version="1.0" encoding="UTF-8"?>
<flow xmlns="http://www.springframework.org/schema/webflow"
    xmlns:xsi="http://www.w3.org/2001/XMLSchema-instance"
    xsi:schemaLocation="http://www.springframework.org/schema/webflow
        				http://www.springframework.org/schema/webflow/spring-webflow-2.0.xsd" 
    start-state="prompt">

    <action-state id="prompt">
		<on-entry>
			<evaluate expression="prompt" result="flowScope.prompt"></evaluate>
			<set name="flowScope.prompt.message" value="'Este el el flujo de ejecución de la opción 1 que no hace absolutamente nada'"></set>
		</on-entry>

<!--     	<evaluate expression="flowProcessor.process(flowScope.prompt)"/> -->
    		
    	<transition to="ok_end" />
    </action-state> 
  
<!--     <view-state id="render" view="render"> -->
<!--     	<transition on="success" to="ok_end" /> -->
<!--     	<transition on="failure" to="failure_end" /> -->
<!--     </view-state> -->
    
    <end-state id="ok_end"></end-state>
    
    <end-state id="failure_end"></end-state>
   
</flow>