<?xml version="1.0" encoding="UTF-8"?>
<beans:beans xmlns="http://www.springframework.org/schema/mvc"
	xmlns:xsi="http://www.w3.org/2001/XMLSchema-instance"
	xmlns:beans="http://www.springframework.org/schema/beans"
	xmlns:context="http://www.springframework.org/schema/context"
	xmlns:aop="http://www.springframework.org/schema/aop"
	xmlns:webflow="http://www.springframework.org/schema/webflow-config"
	xsi:schemaLocation="http://www.springframework.org/schema/mvc 
						http://www.springframework.org/schema/mvc/spring-mvc.xsd
						http://www.springframework.org/schema/beans 
						http://www.springframework.org/schema/beans/spring-beans.xsd
						http://www.springframework.org/schema/context 
						http://www.springframework.org/schema/context/spring-context.xsd
						http://www.springframework.org/schema/aop
    					http://www.springframework.org/schema/aop/spring-aop.xsd
    					http://www.springframework.org/schema/webflow-config
        				http://www.springframework.org/schema/webflow-config/spring-webflow-config-2.3.xsd">

	<!-- Beans jVoice Framework -->
	<context:component-scan base-package="com.vectorsf.jvoiceframework.core.admin"/>

	<!-- Aspectos. Usamos JDK proxys frente a CGLIB -->
	<aop:aspectj-autoproxy proxy-target-class="true"/> 


	<beans:bean id="appTest" class="com.vectorsf.jvoiceframework.core.admin.AppConfig">
 		<beans:property name="fileName" value="com/vectorsf/jvoiceframework/core/admin/appTest.properties"/>
	</beans:bean>
		<beans:bean id="appTest2" class="com.vectorsf.jvoiceframework.core.admin.AppConfig">
 		<beans:property name="fileName" value="com/vectorsf/jvoiceframework/core/appTest.properties"/>
	</beans:bean>

</beans:beans>